This is pdfTeX, Version 3.141592653-2.6-1.40.25 (TeX Live 2023/Fedora 40) (preloaded format=pdflatex 2024.8.16)  10 SEP 2024 17:27
entering extended mode
 restricted \write18 enabled.
 file:line:error style messages enabled.
 %&-line parsing enabled.
**/home/ykrcl/Projects/fpga/SimulationDocumentation/main.tex
(/home/ykrcl/Projects/fpga/SimulationDocumentation/main.tex
LaTeX2e <2022-11-01> patch level 1
L3 programming layer <2023-02-22> (/usr/share/texlive/texmf-dist/tex/latex/base/report.cls
Document Class: report 2022/07/02 v1.4n Standard LaTeX document class
(/usr/share/texlive/texmf-dist/tex/latex/base/size10.clo
File: size10.clo 2022/07/02 v1.4n Standard LaTeX file (size option)
)
\c@part=\count185
\c@chapter=\count186
\c@section=\count187
\c@subsection=\count188
\c@subsubsection=\count189
\c@paragraph=\count190
\c@subparagraph=\count191
\c@figure=\count192
\c@table=\count193
\abovecaptionskip=\skip48
\belowcaptionskip=\skip49
\bibindent=\dimen140
) (/usr/share/texlive/texmf-dist/tex/latex/l3backend/l3backend-pdftex.def
File: l3backend-pdftex.def 2023-01-16 L3 backend support: PDF output (pdfTeX)
\l__color_backend_stack_int=\count194
\l__pdf_internal_box=\box51
) (./main.aux)
\openout1 = `main.aux'.

LaTeX Font Info:    Checking defaults for OML/cmm/m/it on input line 7.
LaTeX Font Info:    ... okay on input line 7.
LaTeX Font Info:    Checking defaults for OMS/cmsy/m/n on input line 7.
LaTeX Font Info:    ... okay on input line 7.
LaTeX Font Info:    Checking defaults for OT1/cmr/m/n on input line 7.
LaTeX Font Info:    ... okay on input line 7.
LaTeX Font Info:    Checking defaults for T1/cmr/m/n on input line 7.
LaTeX Font Info:    ... okay on input line 7.
LaTeX Font Info:    Checking defaults for TS1/cmr/m/n on input line 7.
LaTeX Font Info:    ... okay on input line 7.
LaTeX Font Info:    Checking defaults for OMX/cmex/m/n on input line 7.
LaTeX Font Info:    ... okay on input line 7.
LaTeX Font Info:    Checking defaults for U/cmr/m/n on input line 7.
LaTeX Font Info:    ... okay on input line 7.
LaTeX Font Info:    External font `cmex10' loaded for size
(Font)              <12> on input line 8.
LaTeX Font Info:    External font `cmex10' loaded for size
(Font)              <8> on input line 8.
LaTeX Font Info:    External font `cmex10' loaded for size
(Font)              <6> on input line 8.
 [1

{/var/lib/texmf/fonts/map/pdftex/updmap/pdftex.map}]
Chapter 1.
[1

]
Chapter 2.
[2

]
Overfull \hbox (11.99689pt too wide) in paragraph at lines 72--72
[]    \OT1/cmtt/m/n/10 #10 data_in = 8'hAA; // Apply first stimulus after 10 time units[] 
 []


Overfull \hbox (59.24648pt too wide) in paragraph at lines 72--72
[]    \OT1/cmtt/m/n/10 #20 data_in = 8'hFF; // Apply second stimulus after another 20 time units[] 
 []


Overfull \hbox (53.99652pt too wide) in paragraph at lines 72--72
[]    \OT1/cmtt/m/n/10 #30 data_in = 8'h55; // Apply third stimulus after another 30 time units[] 
 []

[3]
Overfull \hbox (38.24666pt too wide) in paragraph at lines 119--119
[]    \OT1/cmtt/m/n/10 forever #5 clk_0 = ~clk_0; // 100 MHz clock with 0-degree phase shift[] 
 []

[4]
Overfull \hbox (53.99652pt too wide) in paragraph at lines 119--119
[]    \OT1/cmtt/m/n/10 forever #5 clk_90 = ~clk_90; // 100 MHz clock with 90-degree phase shift[] 
 []


Overfull \hbox (53.99652pt too wide) in paragraph at lines 132--132
[]        \OT1/cmtt/m/n/10 #3 clk = 1;  // High for 3 time units (30% of a 10-time unit period)[] 
 []

[5] [6]
Chapter 3.
[7

]
Overfull \hbox (32.9967pt too wide) in paragraph at lines 198--198
[]        \OT1/cmtt/m/n/10 input_signal = $random; // Assign a random value to input_signal[] 
 []

[8{/usr/share/texlive/texmf-dist/fonts/enc/dvips/cm-super/cm-super-ts1.enc}]
Overfull \hbox (1.49698pt too wide) in paragraph at lines 238--238
[]        \OT1/cmtt/m/n/10 r = $fscanf(file, "%h\n", data);  // Read hexadecimal data[] 
 []

[9]
Chapter 4.
[10

]
Overfull \hbox (90.7462pt too wide) in paragraph at lines 264--264
[]    \OT1/cmtt/m/n/10 assert (out_signal == expected_value) else $fatal("Test failed at time %0t: ...[] 
 []


Overfull \hbox (64.49643pt too wide) in paragraph at lines 264--264
[]    \OT1/cmtt/m/n/10 ... out_signal = %0h, expected = %0h", $time, out_signal, expected_value);[] 
 []


Underfull \hbox (badness 10000) in paragraph at lines 266--267

 []


Overfull \hbox (190.49533pt too wide) in paragraph at lines 284--284
[]    \OT1/cmtt/m/n/10 $monitor("Time = %0t, out_signal = %0h, expected_value = %0h", $time, out_signal, expected_value);[] 
 []

[11]
Overfull \hbox (43.49661pt too wide) in paragraph at lines 303--303
[]    \OT1/cmtt/m/n/10 $fwrite(logfile, "Time = %0t, out_signal = %0h\n", $time, out_signal);[] 
 []

[12]
Overfull \hbox (6.74693pt too wide) in paragraph at lines 373--373
[]\OT1/cmtt/m/n/10 // Read data from the file and apply it to the DUT each clock cycle[] 
 []


Overfull \hbox (1.49698pt too wide) in paragraph at lines 373--373
[]        \OT1/cmtt/m/n/10 r = $fscanf(file, "%h\n", data);  // Read hexadecimal data[] 
 []


Overfull \hbox (111.74602pt too wide) in paragraph at lines 373--373
[]        \OT1/cmtt/m/n/10 r_out = $fscanf(file_out, "%h\n", out_data_expected);  // Read hexadecimal data[] 
 []


Overfull \hbox (1.49698pt too wide) in paragraph at lines 373--373
[]            \OT1/cmtt/m/n/10 $display("Read expected data: %h", out_data_expected);[] 
 []


Overfull \hbox (95.99615pt too wide) in paragraph at lines 373--373
[]            \OT1/cmtt/m/n/10 assert (dut_output == out_data_expected) else $fatal("Output mismatch");[] 
 []

[13] [14] [15]
Chapter 5.
[16

] [17] [18]
Overfull \hbox (321.74419pt too wide) in paragraph at lines 591--591
[]                \OT1/cmtt/m/n/10 $display("Error: Test failed for inputs %d and %d. Expected %d but got %d", test_a, test_b, expected_sum, sum);[] 
 []


Overfull \hbox (158.9956pt too wide) in paragraph at lines 591--591
[]                \OT1/cmtt/m/n/10 $display("Test passed for inputs %d and %d. Output is %d", test_a, test_b, sum);[] 
 []

[19]
Overfull \hbox (32.9967pt too wide) in paragraph at lines 627--627
[]    \OT1/cmtt/m/n/10 # List of testbenches Change this list according to your testbenches[] 
 []


Overfull \hbox (43.49661pt too wide) in paragraph at lines 627--627
[]       \OT1/cmtt/m/n/10 # Run the simulation tool (replace with your specific tool command)[] 
 []


Overfull \hbox (38.24666pt too wide) in paragraph at lines 627--627
[]       \OT1/cmtt/m/n/10 # You can customize this based on your testbench display messages.[] 
 []

[20] (./main.aux) ) 
Here is how much of TeX's memory you used:
 485 strings out of 477985
 8929 string characters out of 5839370
 1862388 words of memory out of 6000000
 20751 multiletter control sequences out of 15000+600000
 518299 words of font info for 52 fonts, out of 8000000 for 9000
 14 hyphenation exceptions out of 8191
 34i,6n,38p,849b,270s stack positions out of 10000i,1000n,20000p,200000b,200000s
</usr/share/texlive/texmf-dist/fonts/type1/public/amsfonts/cm/cmbx10.pfb></usr/share/texlive/texmf-dist/fonts/type1/public/amsfonts/cm/cmbx12.pfb></usr/share/texlive/texmf-dist/fonts/type1/public/amsfonts/cm/cmr10.pfb></usr/share/texlive/texmf-dist/fonts/type1/public/amsfonts/cm/cmr12.pfb></usr/share/texlive/texmf-dist/fonts/type1/public/amsfonts/cm/cmr17.pfb></usr/share/texlive/texmf-dist/fonts/type1/public/amsfonts/cm/cmtt10.pfb></usr/share/texlive/texmf-dist/fonts/type1/public/cm-super/sfbx1200.pfb></usr/share/texlive/texmf-dist/fonts/type1/public/cm-super/sfrm1000.pfb>
Output written on main.pdf (21 pages, 140822 bytes).
PDF statistics:
 113 PDF objects out of 1000 (max. 8388607)
 73 compressed objects within 1 object stream
 0 named destinations out of 1000 (max. 500000)
 1 words of extra memory for PDF output out of 10000 (max. 10000000)

